<?xml version="1.0" encoding="UTF-8"?>
<testsuite name="com.example.swcoaching.board.BoardServiceTest" tests="1" skipped="0" failures="0" errors="0" timestamp="2023-02-09T10:13:48" hostname="bagjihyeui-MacBookAir.local" time="1.146">
  <properties/>
  <testcase name="게시판 정보를 조회 한다" classname="com.example.swcoaching.board.BoardServiceTest" time="1.146"/>
  <system-out><![CDATA[]]></system-out>
  <system-err><![CDATA[]]></system-err>
</testsuite>
